<?xml version="1.0" encoding="UTF-8"?>
<testsuite name="com.seung.hyo.web.IndexControllerTest" tests="1" skipped="0" failures="0" errors="0" timestamp="2020-11-11T09:19:18" hostname="DESKTOP-HHFO5B7" time="0.388">
  <properties/>
  <testcase name="메인페이지_로딩" classname="com.seung.hyo.web.IndexControllerTest" time="0.388"/>
  <system-out><![CDATA[2020-11-11 18:19:14.666  INFO 1920 --- [    Test worker] .b.t.c.SpringBootTestContextBootstrapper : Neither @ContextConfiguration nor @ContextHierarchy found for test class [com.seung.hyo.web.IndexControllerTest], using SpringBootContextLoader
2020-11-11 18:19:14.667  INFO 1920 --- [    Test worker] o.s.t.c.support.AbstractContextLoader    : Could not detect default resource locations for test class [com.seung.hyo.web.IndexControllerTest]: no resource found for suffixes {-context.xml, Context.groovy}.
2020-11-11 18:19:14.667  INFO 1920 --- [    Test worker] t.c.s.AnnotationConfigContextLoaderUtils : Could not detect default configuration classes for test class [com.seung.hyo.web.IndexControllerTest]: IndexControllerTest does not declare any static, non-private, non-final, nested classes annotated with @Configuration.
2020-11-11 18:19:14.670  INFO 1920 --- [    Test worker] .b.t.c.SpringBootTestContextBootstrapper : Found @SpringBootConfiguration com.seung.hyo.Application for test class com.seung.hyo.web.IndexControllerTest
2020-11-11 18:19:14.672  INFO 1920 --- [    Test worker] .b.t.c.SpringBootTestContextBootstrapper : Loaded default TestExecutionListener class names from location [META-INF/spring.factories]: [org.springframework.security.test.context.support.WithSecurityContextTestExecutionListener, org.springframework.security.test.context.support.ReactorContextTestExecutionListener, org.springframework.boot.test.autoconfigure.restdocs.RestDocsTestExecutionListener, org.springframework.boot.test.autoconfigure.web.client.MockRestServiceServerResetTestExecutionListener, org.springframework.boot.test.autoconfigure.web.servlet.MockMvcPrintOnlyOnFailureTestExecutionListener, org.springframework.boot.test.autoconfigure.web.servlet.WebDriverTestExecutionListener, org.springframework.boot.test.mock.mockito.MockitoTestExecutionListener, org.springframework.boot.test.mock.mockito.ResetMocksTestExecutionListener, org.springframework.test.context.web.ServletTestExecutionListener, org.springframework.test.context.support.DirtiesContextBeforeModesTestExecutionListener, org.springframework.test.context.support.DependencyInjectionTestExecutionListener, org.springframework.test.context.support.DirtiesContextTestExecutionListener, org.springframework.test.context.transaction.TransactionalTestExecutionListener, org.springframework.test.context.jdbc.SqlScriptsTestExecutionListener]
2020-11-11 18:19:14.674  INFO 1920 --- [    Test worker] .b.t.c.SpringBootTestContextBootstrapper : Using TestExecutionListeners: [org.springframework.test.context.web.ServletTestExecutionListener@34c4792b, org.springframework.test.context.support.DirtiesContextBeforeModesTestExecutionListener@5ef0b404, org.springframework.boot.test.mock.mockito.MockitoTestExecutionListener@6b05af3d, org.springframework.boot.test.autoconfigure.SpringBootDependencyInjectionTestExecutionListener@54089163, org.springframework.test.context.support.DirtiesContextTestExecutionListener@4312a7e8, org.springframework.test.context.transaction.TransactionalTestExecutionListener@18197b1a, org.springframework.test.context.jdbc.SqlScriptsTestExecutionListener@5ea35363, org.springframework.security.test.context.support.WithSecurityContextTestExecutionListener@4eb0525d, org.springframework.security.test.context.support.ReactorContextTestExecutionListener@18cb8184, org.springframework.boot.test.autoconfigure.restdocs.RestDocsTestExecutionListener@4b59f82c, org.springframework.boot.test.autoconfigure.web.client.MockRestServiceServerResetTestExecutionListener@f25926f, org.springframework.boot.test.autoconfigure.web.servlet.MockMvcPrintOnlyOnFailureTestExecutionListener@434b1b6c, org.springframework.boot.test.autoconfigure.web.servlet.WebDriverTestExecutionListener@7486520, org.springframework.boot.test.mock.mockito.ResetMocksTestExecutionListener@3d4657d]

  .   ____          _            __ _ _
 /\\ / ___'_ __ _ _(_)_ __  __ _ \ \ \ \
( ( )\___ | '_ | '_| | '_ \/ _` | \ \ \ \
 \\/  ___)| |_)| | | | | || (_| |  ) ) ) )
  '  |____| .__|_| |_|_| |_\__, | / / / /
 =========|_|==============|___/=/_/_/_/
 :: Spring Boot ::        (v2.1.7.RELEASE)

2020-11-11 18:19:14.755  INFO 1920 --- [    Test worker] com.seung.hyo.web.IndexControllerTest    : Starting IndexControllerTest on DESKTOP-HHFO5B7 with PID 1920 (started by sajun in D:\IntellijProject)
2020-11-11 18:19:14.760  INFO 1920 --- [    Test worker] com.seung.hyo.web.IndexControllerTest    : No active profile set, falling back to default profiles: default
2020-11-11 18:19:15.247  INFO 1920 --- [    Test worker] .s.d.r.c.RepositoryConfigurationDelegate : Bootstrapping Spring Data repositories in DEFAULT mode.
2020-11-11 18:19:15.282  INFO 1920 --- [    Test worker] .s.d.r.c.RepositoryConfigurationDelegate : Finished Spring Data repository scanning in 34ms. Found 2 repository interfaces.
2020-11-11 18:19:15.498  INFO 1920 --- [    Test worker] trationDelegate$BeanPostProcessorChecker : Bean 'org.springframework.transaction.annotation.ProxyTransactionManagementConfiguration' of type [org.springframework.transaction.annotation.ProxyTransactionManagementConfiguration$$EnhancerBySpringCGLIB$$5ec7efaf] is not eligible for getting processed by all BeanPostProcessors (for example: not eligible for auto-proxying)
2020-11-11 18:19:15.944  INFO 1920 --- [    Test worker] o.s.b.w.embedded.tomcat.TomcatWebServer  : Tomcat initialized with port(s): 0 (http)
2020-11-11 18:19:16.004  INFO 1920 --- [    Test worker] o.apache.catalina.core.StandardService   : Starting service [Tomcat]
2020-11-11 18:19:16.005  INFO 1920 --- [    Test worker] org.apache.catalina.core.StandardEngine  : Starting Servlet engine: [Apache Tomcat/9.0.22]
2020-11-11 18:19:16.398  INFO 1920 --- [    Test worker] o.a.c.c.C.[Tomcat].[localhost].[/]       : Initializing Spring embedded WebApplicationContext
2020-11-11 18:19:16.400  INFO 1920 --- [    Test worker] o.s.web.context.ContextLoader            : Root WebApplicationContext: initialization completed in 1627 ms
2020-11-11 18:19:16.932  INFO 1920 --- [    Test worker] com.zaxxer.hikari.HikariDataSource       : HikariPool-2 - Starting...
2020-11-11 18:19:16.934  INFO 1920 --- [    Test worker] com.zaxxer.hikari.HikariDataSource       : HikariPool-2 - Start completed.
2020-11-11 18:19:17.011  INFO 1920 --- [    Test worker] o.hibernate.jpa.internal.util.LogHelper  : HHH000204: Processing PersistenceUnitInfo [
	name: default
	...]
2020-11-11 18:19:17.029  INFO 1920 --- [    Test worker] org.hibernate.dialect.Dialect            : HHH000400: Using dialect: org.hibernate.dialect.MySQL5InnoDBDialect
Hibernate: drop table if exists posts
Hibernate: drop table if exists user
Hibernate: create table posts (id bigint not null auto_increment, created_date datetime, modified_date datetime, author varchar(255), content TEXT not null, title varchar(500) not null, primary key (id)) engine=InnoDB
Hibernate: create table user (id bigint not null auto_increment, created_date datetime, modified_date datetime, email varchar(255) not null, name varchar(255) not null, picture varchar(255), role varchar(255) not null, primary key (id)) engine=InnoDB
2020-11-11 18:19:17.135  INFO 1920 --- [    Test worker] o.h.t.schema.internal.SchemaCreatorImpl  : HHH000476: Executing import script 'org.hibernate.tool.schema.internal.exec.ScriptSourceInputNonExistentImpl@57badd87'
2020-11-11 18:19:17.136  INFO 1920 --- [    Test worker] j.LocalContainerEntityManagerFactoryBean : Initialized JPA EntityManagerFactory for persistence unit 'default'
2020-11-11 18:19:17.771  INFO 1920 --- [    Test worker] o.h.h.i.QueryTranslatorFactoryInitiator  : HHH000397: Using ASTQueryTranslatorFactory
2020-11-11 18:19:18.028  INFO 1920 --- [    Test worker] o.s.s.web.DefaultSecurityFilterChain     : Creating filter chain: any request, [org.springframework.security.web.context.request.async.WebAsyncManagerIntegrationFilter@48ee2f8a, org.springframework.security.web.context.SecurityContextPersistenceFilter@77bd68b3, org.springframework.security.web.header.HeaderWriterFilter@8204ce4, org.springframework.security.web.authentication.logout.LogoutFilter@5df25511, org.springframework.security.oauth2.client.web.OAuth2AuthorizationRequestRedirectFilter@222e806c, org.springframework.security.oauth2.client.web.OAuth2LoginAuthenticationFilter@21bda50d, org.springframework.security.web.authentication.ui.DefaultLoginPageGeneratingFilter@41164570, org.springframework.security.web.authentication.ui.DefaultLogoutPageGeneratingFilter@1189b756, org.springframework.security.web.savedrequest.RequestCacheAwareFilter@f383bcf, org.springframework.security.web.servletapi.SecurityContextHolderAwareRequestFilter@57501a0, org.springframework.security.web.authentication.AnonymousAuthenticationFilter@477268eb, org.springframework.security.web.session.SessionManagementFilter@3cff1b0d, org.springframework.security.web.access.ExceptionTranslationFilter@1bbc683b, org.springframework.security.web.access.intercept.FilterSecurityInterceptor@73454f7e]
2020-11-11 18:19:18.364  INFO 1920 --- [    Test worker] o.s.s.concurrent.ThreadPoolTaskExecutor  : Initializing ExecutorService 'applicationTaskExecutor'
2020-11-11 18:19:18.395  WARN 1920 --- [    Test worker] aWebConfiguration$JpaWebMvcConfiguration : spring.jpa.open-in-view is enabled by default. Therefore, database queries may be performed during view rendering. Explicitly configure spring.jpa.open-in-view to disable this warning
2020-11-11 18:19:18.460  INFO 1920 --- [    Test worker] o.s.b.a.w.s.WelcomePageHandlerMapping    : Adding welcome page template: index
2020-11-11 18:19:18.894  INFO 1920 --- [    Test worker] s.a.ScheduledAnnotationBeanPostProcessor : No TaskScheduler/ScheduledExecutorService bean found for scheduled processing
2020-11-11 18:19:18.930  INFO 1920 --- [    Test worker] o.s.b.w.embedded.tomcat.TomcatWebServer  : Tomcat started on port(s): 49859 (http) with context path ''
2020-11-11 18:19:18.932  INFO 1920 --- [    Test worker] com.seung.hyo.web.IndexControllerTest    : Started IndexControllerTest in 4.252 seconds (JVM running for 23.845)
2020-11-11 18:19:19.129  INFO 1920 --- [o-auto-1-exec-1] o.a.c.c.C.[Tomcat].[localhost].[/]       : Initializing Spring DispatcherServlet 'dispatcherServlet'
2020-11-11 18:19:19.130  INFO 1920 --- [o-auto-1-exec-1] o.s.web.servlet.DispatcherServlet        : Initializing Servlet 'dispatcherServlet'
2020-11-11 18:19:19.178  INFO 1920 --- [o-auto-1-exec-1] o.s.web.servlet.DispatcherServlet        : Completed initialization in 47 ms
Hibernate: select posts0_.id as id1_0_, posts0_.created_date as created_2_0_, posts0_.modified_date as modified3_0_, posts0_.author as author4_0_, posts0_.content as content5_0_, posts0_.title as title6_0_ from posts posts0_ order by posts0_.id DESC
]]></system-out>
  <system-err><![CDATA[]]></system-err>
</testsuite>
