<?xml version="1.0" encoding="UTF-8"?>
<testsuite name="com.seung.hyo.web.dto.HelloResponseDtoTest" tests="1" skipped="0" failures="0" errors="0" timestamp="2020-11-11T09:19:14" hostname="DESKTOP-HHFO5B7" time="0.004">
  <properties/>
  <testcase name="롬복_기능_테스트" classname="com.seung.hyo.web.dto.HelloResponseDtoTest" time="0.004"/>
  <system-out><![CDATA[]]></system-out>
  <system-err><![CDATA[]]></system-err>
</testsuite>
