<?xml version="1.0" encoding="UTF-8"?>
<testsuite name="com.seung.hyo.web.HelloControllerTest" tests="2" skipped="0" failures="0" errors="0" timestamp="2020-11-11T09:19:04" hostname="DESKTOP-HHFO5B7" time="0.574">
  <properties/>
  <testcase name="hello가_리턴된다" classname="com.seung.hyo.web.HelloControllerTest" time="0.456"/>
  <testcase name="helloDto가_리턴된다" classname="com.seung.hyo.web.HelloControllerTest" time="0.117"/>
  <system-out><![CDATA[18:18:58.622 [Test worker] DEBUG org.springframework.test.context.junit4.SpringJUnit4ClassRunner - SpringJUnit4ClassRunner constructor called with [class com.seung.hyo.web.HelloControllerTest]
18:18:58.661 [Test worker] DEBUG org.springframework.test.context.BootstrapUtils - Instantiating CacheAwareContextLoaderDelegate from class [org.springframework.test.context.cache.DefaultCacheAwareContextLoaderDelegate]
18:18:58.681 [Test worker] DEBUG org.springframework.test.context.BootstrapUtils - Instantiating BootstrapContext using constructor [public org.springframework.test.context.support.DefaultBootstrapContext(java.lang.Class,org.springframework.test.context.CacheAwareContextLoaderDelegate)]
18:18:58.721 [Test worker] DEBUG org.springframework.test.context.BootstrapUtils - Instantiating TestContextBootstrapper for test class [com.seung.hyo.web.HelloControllerTest] from class [org.springframework.boot.test.autoconfigure.web.servlet.WebMvcTestContextBootstrapper]
18:18:58.763 [Test worker] INFO org.springframework.boot.test.autoconfigure.web.servlet.WebMvcTestContextBootstrapper - Neither @ContextConfiguration nor @ContextHierarchy found for test class [com.seung.hyo.web.HelloControllerTest], using SpringBootContextLoader
18:18:58.770 [Test worker] DEBUG org.springframework.test.context.support.AbstractContextLoader - Did not detect default resource location for test class [com.seung.hyo.web.HelloControllerTest]: class path resource [com/seung/hyo/web/HelloControllerTest-context.xml] does not exist
18:18:58.771 [Test worker] DEBUG org.springframework.test.context.support.AbstractContextLoader - Did not detect default resource location for test class [com.seung.hyo.web.HelloControllerTest]: class path resource [com/seung/hyo/web/HelloControllerTestContext.groovy] does not exist
18:18:58.771 [Test worker] INFO org.springframework.test.context.support.AbstractContextLoader - Could not detect default resource locations for test class [com.seung.hyo.web.HelloControllerTest]: no resource found for suffixes {-context.xml, Context.groovy}.
18:18:58.773 [Test worker] INFO org.springframework.test.context.support.AnnotationConfigContextLoaderUtils - Could not detect default configuration classes for test class [com.seung.hyo.web.HelloControllerTest]: HelloControllerTest does not declare any static, non-private, non-final, nested classes annotated with @Configuration.
18:18:58.951 [Test worker] DEBUG org.springframework.test.context.support.ActiveProfilesUtils - Could not find an 'annotation declaring class' for annotation type [org.springframework.test.context.ActiveProfiles] and class [com.seung.hyo.web.HelloControllerTest]
18:18:59.104 [Test worker] DEBUG org.springframework.context.annotation.ClassPathScanningCandidateComponentProvider - Identified candidate component class: file [D:\IntellijProject\build\classes\java\main\com\seung\hyo\Application.class]
18:18:59.108 [Test worker] INFO org.springframework.boot.test.context.SpringBootTestContextBootstrapper - Found @SpringBootConfiguration com.seung.hyo.Application for test class com.seung.hyo.web.HelloControllerTest
18:18:59.114 [Test worker] DEBUG org.springframework.boot.test.autoconfigure.web.servlet.WebMvcTestContextBootstrapper - @TestExecutionListeners is not present for class [com.seung.hyo.web.HelloControllerTest]: using defaults.
18:18:59.115 [Test worker] INFO org.springframework.boot.test.autoconfigure.web.servlet.WebMvcTestContextBootstrapper - Loaded default TestExecutionListener class names from location [META-INF/spring.factories]: [org.springframework.security.test.context.support.WithSecurityContextTestExecutionListener, org.springframework.security.test.context.support.ReactorContextTestExecutionListener, org.springframework.boot.test.autoconfigure.restdocs.RestDocsTestExecutionListener, org.springframework.boot.test.autoconfigure.web.client.MockRestServiceServerResetTestExecutionListener, org.springframework.boot.test.autoconfigure.web.servlet.MockMvcPrintOnlyOnFailureTestExecutionListener, org.springframework.boot.test.autoconfigure.web.servlet.WebDriverTestExecutionListener, org.springframework.boot.test.mock.mockito.MockitoTestExecutionListener, org.springframework.boot.test.mock.mockito.ResetMocksTestExecutionListener, org.springframework.test.context.web.ServletTestExecutionListener, org.springframework.test.context.support.DirtiesContextBeforeModesTestExecutionListener, org.springframework.test.context.support.DependencyInjectionTestExecutionListener, org.springframework.test.context.support.DirtiesContextTestExecutionListener, org.springframework.test.context.transaction.TransactionalTestExecutionListener, org.springframework.test.context.jdbc.SqlScriptsTestExecutionListener]
18:18:59.156 [Test worker] INFO org.springframework.boot.test.autoconfigure.web.servlet.WebMvcTestContextBootstrapper - Using TestExecutionListeners: [org.springframework.test.context.web.ServletTestExecutionListener@499ef9ec, org.springframework.test.context.support.DirtiesContextBeforeModesTestExecutionListener@13e12fce, org.springframework.boot.test.mock.mockito.MockitoTestExecutionListener@54bf1787, org.springframework.boot.test.autoconfigure.SpringBootDependencyInjectionTestExecutionListener@bad116b, org.springframework.test.context.support.DirtiesContextTestExecutionListener@35c2c86b, org.springframework.test.context.transaction.TransactionalTestExecutionListener@2f471e42, org.springframework.test.context.jdbc.SqlScriptsTestExecutionListener@3e82702, org.springframework.security.test.context.support.WithSecurityContextTestExecutionListener@602d485d, org.springframework.security.test.context.support.ReactorContextTestExecutionListener@430f45a3, org.springframework.boot.test.autoconfigure.restdocs.RestDocsTestExecutionListener@542df68e, org.springframework.boot.test.autoconfigure.web.client.MockRestServiceServerResetTestExecutionListener@16bf0b3e, org.springframework.boot.test.autoconfigure.web.servlet.MockMvcPrintOnlyOnFailureTestExecutionListener@1c5ad614, org.springframework.boot.test.autoconfigure.web.servlet.WebDriverTestExecutionListener@2541aa61, org.springframework.boot.test.mock.mockito.ResetMocksTestExecutionListener@1e63b1c1]
18:18:59.161 [Test worker] DEBUG org.springframework.test.annotation.ProfileValueUtils - Retrieved @ProfileValueSourceConfiguration [null] for test class [com.seung.hyo.web.HelloControllerTest]
18:18:59.162 [Test worker] DEBUG org.springframework.test.annotation.ProfileValueUtils - Retrieved ProfileValueSource type [class org.springframework.test.annotation.SystemProfileValueSource] for class [com.seung.hyo.web.HelloControllerTest]
18:18:59.163 [Test worker] DEBUG org.springframework.test.annotation.ProfileValueUtils - Retrieved @ProfileValueSourceConfiguration [null] for test class [com.seung.hyo.web.HelloControllerTest]
18:18:59.164 [Test worker] DEBUG org.springframework.test.annotation.ProfileValueUtils - Retrieved ProfileValueSource type [class org.springframework.test.annotation.SystemProfileValueSource] for class [com.seung.hyo.web.HelloControllerTest]
18:18:59.171 [Test worker] DEBUG org.springframework.test.context.support.AbstractDirtiesContextTestExecutionListener - Before test class: context [DefaultTestContext@29e1b85b testClass = HelloControllerTest, testInstance = [null], testMethod = [null], testException = [null], mergedContextConfiguration = [WebMergedContextConfiguration@e448f75 testClass = HelloControllerTest, locations = '{}', classes = '{class com.seung.hyo.Application}', contextInitializerClasses = '[]', activeProfiles = '{}', propertySourceLocations = '{}', propertySourceProperties = '{org.springframework.boot.test.autoconfigure.web.servlet.WebMvcTestContextBootstrapper=true}', contextCustomizers = set[org.springframework.boot.test.autoconfigure.OverrideAutoConfigurationContextCustomizerFactory$DisableAutoConfigurationContextCustomizer@28d1085a, org.springframework.boot.test.autoconfigure.filter.TypeExcludeFiltersContextCustomizer@e5e627a9, org.springframework.boot.test.autoconfigure.properties.PropertyMappingContextCustomizer@9c26bedf, org.springframework.boot.test.autoconfigure.web.servlet.WebDriverContextCustomizerFactory$Customizer@2f616c36, [ImportsContextCustomizer@58490818 key = [org.springframework.boot.autoconfigure.cache.CacheAutoConfiguration, org.springframework.boot.autoconfigure.context.MessageSourceAutoConfiguration, org.springframework.boot.autoconfigure.data.web.SpringDataWebAutoConfiguration, org.springframework.boot.autoconfigure.freemarker.FreeMarkerAutoConfiguration, org.springframework.boot.autoconfigure.groovy.template.GroovyTemplateAutoConfiguration, org.springframework.boot.autoconfigure.gson.GsonAutoConfiguration, org.springframework.boot.autoconfigure.hateoas.HypermediaAutoConfiguration, org.springframework.boot.autoconfigure.http.HttpMessageConvertersAutoConfiguration, org.springframework.boot.autoconfigure.jackson.JacksonAutoConfiguration, org.springframework.boot.autoconfigure.jsonb.JsonbAutoConfiguration, org.springframework.boot.autoconfigure.mustache.MustacheAutoConfiguration, org.springframework.boot.autoconfigure.task.TaskExecutionAutoConfiguration, org.springframework.boot.autoconfigure.thymeleaf.ThymeleafAutoConfiguration, org.springframework.boot.autoconfigure.validation.ValidationAutoConfiguration, org.springframework.boot.autoconfigure.web.servlet.error.ErrorMvcAutoConfiguration, org.springframework.boot.autoconfigure.web.servlet.WebMvcAutoConfiguration, org.springframework.boot.test.autoconfigure.web.servlet.MockMvcAutoConfiguration, org.springframework.boot.test.autoconfigure.web.servlet.MockMvcSecurityAutoConfiguration, org.springframework.boot.test.autoconfigure.web.servlet.MockMvcWebClientAutoConfiguration, org.springframework.boot.test.autoconfigure.web.servlet.MockMvcWebDriverAutoConfiguration]], org.springframework.boot.test.context.filter.ExcludeFilterContextCustomizer@235a09fe, org.springframework.boot.test.json.DuplicateJsonObjectContextCustomizerFactory$DuplicateJsonObjectContextCustomizer@39a8e7f9, org.springframework.boot.test.mock.mockito.MockitoContextCustomizer@0], resourceBasePath = 'src/main/webapp', contextLoader = 'org.springframework.boot.test.context.SpringBootContextLoader', parent = [null]], attributes = map[[empty]]], class annotated with @DirtiesContext [false] with mode [null].
18:18:59.172 [Test worker] DEBUG org.springframework.test.annotation.ProfileValueUtils - Retrieved @ProfileValueSourceConfiguration [null] for test class [com.seung.hyo.web.HelloControllerTest]
18:18:59.173 [Test worker] DEBUG org.springframework.test.annotation.ProfileValueUtils - Retrieved ProfileValueSource type [class org.springframework.test.annotation.SystemProfileValueSource] for class [com.seung.hyo.web.HelloControllerTest]
18:18:59.179 [Test worker] DEBUG org.springframework.test.context.support.DependencyInjectionTestExecutionListener - Performing dependency injection for test context [[DefaultTestContext@29e1b85b testClass = HelloControllerTest, testInstance = com.seung.hyo.web.HelloControllerTest@f6f0c58, testMethod = [null], testException = [null], mergedContextConfiguration = [WebMergedContextConfiguration@e448f75 testClass = HelloControllerTest, locations = '{}', classes = '{class com.seung.hyo.Application}', contextInitializerClasses = '[]', activeProfiles = '{}', propertySourceLocations = '{}', propertySourceProperties = '{org.springframework.boot.test.autoconfigure.web.servlet.WebMvcTestContextBootstrapper=true}', contextCustomizers = set[org.springframework.boot.test.autoconfigure.OverrideAutoConfigurationContextCustomizerFactory$DisableAutoConfigurationContextCustomizer@28d1085a, org.springframework.boot.test.autoconfigure.filter.TypeExcludeFiltersContextCustomizer@e5e627a9, org.springframework.boot.test.autoconfigure.properties.PropertyMappingContextCustomizer@9c26bedf, org.springframework.boot.test.autoconfigure.web.servlet.WebDriverContextCustomizerFactory$Customizer@2f616c36, [ImportsContextCustomizer@58490818 key = [org.springframework.boot.autoconfigure.cache.CacheAutoConfiguration, org.springframework.boot.autoconfigure.context.MessageSourceAutoConfiguration, org.springframework.boot.autoconfigure.data.web.SpringDataWebAutoConfiguration, org.springframework.boot.autoconfigure.freemarker.FreeMarkerAutoConfiguration, org.springframework.boot.autoconfigure.groovy.template.GroovyTemplateAutoConfiguration, org.springframework.boot.autoconfigure.gson.GsonAutoConfiguration, org.springframework.boot.autoconfigure.hateoas.HypermediaAutoConfiguration, org.springframework.boot.autoconfigure.http.HttpMessageConvertersAutoConfiguration, org.springframework.boot.autoconfigure.jackson.JacksonAutoConfiguration, org.springframework.boot.autoconfigure.jsonb.JsonbAutoConfiguration, org.springframework.boot.autoconfigure.mustache.MustacheAutoConfiguration, org.springframework.boot.autoconfigure.task.TaskExecutionAutoConfiguration, org.springframework.boot.autoconfigure.thymeleaf.ThymeleafAutoConfiguration, org.springframework.boot.autoconfigure.validation.ValidationAutoConfiguration, org.springframework.boot.autoconfigure.web.servlet.error.ErrorMvcAutoConfiguration, org.springframework.boot.autoconfigure.web.servlet.WebMvcAutoConfiguration, org.springframework.boot.test.autoconfigure.web.servlet.MockMvcAutoConfiguration, org.springframework.boot.test.autoconfigure.web.servlet.MockMvcSecurityAutoConfiguration, org.springframework.boot.test.autoconfigure.web.servlet.MockMvcWebClientAutoConfiguration, org.springframework.boot.test.autoconfigure.web.servlet.MockMvcWebDriverAutoConfiguration]], org.springframework.boot.test.context.filter.ExcludeFilterContextCustomizer@235a09fe, org.springframework.boot.test.json.DuplicateJsonObjectContextCustomizerFactory$DuplicateJsonObjectContextCustomizer@39a8e7f9, org.springframework.boot.test.mock.mockito.MockitoContextCustomizer@0], resourceBasePath = 'src/main/webapp', contextLoader = 'org.springframework.boot.test.context.SpringBootContextLoader', parent = [null]], attributes = map[[empty]]]].
18:18:59.411 [Test worker] DEBUG org.springframework.test.context.support.TestPropertySourceUtils - Adding inlined properties to environment: {spring.jmx.enabled=false, org.springframework.boot.test.autoconfigure.web.servlet.WebMvcTestContextBootstrapper=true, server.port=-1}

  .   ____          _            __ _ _
 /\\ / ___'_ __ _ _(_)_ __  __ _ \ \ \ \
( ( )\___ | '_ | '_| | '_ \/ _` | \ \ \ \
 \\/  ___)| |_)| | | | | || (_| |  ) ) ) )
  '  |____| .__|_| |_|_| |_\__, | / / / /
 =========|_|==============|___/=/_/_/_/
 :: Spring Boot ::        (v2.1.7.RELEASE)

2020-11-11 18:19:00.025  INFO 1920 --- [    Test worker] com.seung.hyo.web.HelloControllerTest    : Starting HelloControllerTest on DESKTOP-HHFO5B7 with PID 1920 (started by sajun in D:\IntellijProject)
2020-11-11 18:19:00.038  INFO 1920 --- [    Test worker] com.seung.hyo.web.HelloControllerTest    : No active profile set, falling back to default profiles: default
2020-11-11 18:19:03.141  INFO 1920 --- [    Test worker] o.s.s.concurrent.ThreadPoolTaskExecutor  : Initializing ExecutorService 'applicationTaskExecutor'
2020-11-11 18:19:03.303  INFO 1920 --- [    Test worker] o.s.b.a.w.s.WelcomePageHandlerMapping    : Adding welcome page template: index
2020-11-11 18:19:03.919  INFO 1920 --- [    Test worker] .s.s.UserDetailsServiceAutoConfiguration : 

Using generated security password: 61da0daf-c1e0-4899-aad0-464a17cf9780

2020-11-11 18:19:04.442  INFO 1920 --- [    Test worker] o.s.s.web.DefaultSecurityFilterChain     : Creating filter chain: any request, [org.springframework.security.web.context.request.async.WebAsyncManagerIntegrationFilter@1d7ed536, org.springframework.security.web.context.SecurityContextPersistenceFilter@4bdb015d, org.springframework.security.web.header.HeaderWriterFilter@584bb63b, org.springframework.security.web.csrf.CsrfFilter@251557d0, org.springframework.security.web.authentication.logout.LogoutFilter@3e65769f, org.springframework.security.web.authentication.UsernamePasswordAuthenticationFilter@78fcba22, org.springframework.security.web.authentication.ui.DefaultLoginPageGeneratingFilter@920a6c0, org.springframework.security.web.authentication.ui.DefaultLogoutPageGeneratingFilter@46e618ab, org.springframework.security.web.authentication.www.BasicAuthenticationFilter@426bcca3, org.springframework.security.web.savedrequest.RequestCacheAwareFilter@2e5e7787, org.springframework.security.web.servletapi.SecurityContextHolderAwareRequestFilter@653afce1, org.springframework.security.web.authentication.AnonymousAuthenticationFilter@660e4287, org.springframework.security.web.session.SessionManagementFilter@4de2c897, org.springframework.security.web.access.ExceptionTranslationFilter@8a338a9, org.springframework.security.web.access.intercept.FilterSecurityInterceptor@42dfdde7]
2020-11-11 18:19:04.551  INFO 1920 --- [    Test worker] o.s.b.t.m.w.SpringBootMockServletContext : Initializing Spring TestDispatcherServlet ''
2020-11-11 18:19:04.552  INFO 1920 --- [    Test worker] o.s.t.web.servlet.TestDispatcherServlet  : Initializing Servlet ''
2020-11-11 18:19:04.579  INFO 1920 --- [    Test worker] o.s.t.web.servlet.TestDispatcherServlet  : Completed initialization in 27 ms
2020-11-11 18:19:04.673  INFO 1920 --- [    Test worker] com.seung.hyo.web.HelloControllerTest    : Started HelloControllerTest in 5.247 seconds (JVM running for 9.586)
]]></system-out>
  <system-err><![CDATA[]]></system-err>
</testsuite>
